lck :: lock
sub :: status :: submitted
sub :: submissionid :: 180292
sub :: submissiontime :: 2018-04-24 20:07:43.736561
run :: status :: running
run :: Could not find /afs/cern.ch/work/v/vanrees/temp/example_sdpb.xml to copy.
run :: Could not find /afs/cern.ch/work/v/vanrees/temp/example_sdpb.out to copy.
run :: Could not find /afs/cern.ch/work/v/vanrees/temp/example_sdpb.ck to copy.
run :: Could not find /afs/cern.ch/work/v/vanrees/temp/example_sdpb.ck.bk to copy.
run :: xmlfilecreation :: running xml file creator
run :: xmlfilecreation :: xml file creator finished
run :: xmlfilecreation :: duration: 53.01892828941345
run :: xmlfilecreation :: file(s) created
run :: starting sdpb
run :: sdpb finished
run :: terminateReason :: found primal-dual optimal solution
run :: primalObjective :: -0.43028241984178039317957203375973862576650665468467596583552013458310669166936719978469189433679241307424516067506051353715121802930251891037398914493780453236913549921976357264328531305813980301231510472752102624948387495051581046394498092297599529141115237448204632999061135709077176352204112835430710745788796318194919618892630082911946067648731915905899919280076490655855812563677139623054705675423720467401900411185098761110597606645648783208024410594383825941
run :: dualObjective :: -0.43028241992267277938074986834563216630141340900398291077060984228722963836375792893900765472459414442588313366832500477237752606974180048961231408396318654691467316391171757832128826434804930276901756403374217425490122059109348928401917470482662298567452411386218547363896666847083385963668905939857751561548238005287123303736555708270097175874549804471798058149255635761768380996854831001660458567791949373770738535209230833294750998873847965201688718516451380549
run :: dualityGap :: 8.0892386201177834585893540534906754319306944935089707704122946694390729154315760387801731351637972993264491235226308040439281579238324939025382014545537664691954005678002951289909499756702459306221148005417345640577678820074193781850627694263371739380139143648355311380062096114647931044270408157594416870922036848439256253581511082258178885658981388691791451059125684331776913786057528923682289063688381240241320721841533922281991819936643079220675546081758143114e-11
run :: primalError :: 1.041655686694268838115376590812509423561986702955945783922588845177720616391065325755641773119577536639562481801012052230082941980487255552662142992007787006460454908093933093519766804961593618591017193460649479917192048187729457402675464401619597828706410589553418594134381017673647936142737401286969188025322674413002667775127911753745582165802687946762345731781937330598061372675331862182638332765466647579898813162322163348952021762111976418990729949550676701e-95
run :: dualError :: 9.0177641744082377621232337157066577848121028456787049823675745538370622116247116655889200046517037842810042622026392958055919936623044134887369429186957481456969134530944394905135703854309185951397394541895789205712941902341052846888785035319115401278152746794515946176422557793504499010576377906704990500685511402513005691920994334417123246997288050670344446782428451605176716842580001047089930863853234974843594713831872202846708816468834433223532102374623047127e-378
run :: runtime :: 2727.565673828125
run :: status :: done
lck :: unlock
